<?xml version="1.0" encoding="UTF-8"?>
<!-- Generated by org.testng.reporters.JUnitReportReporter -->
<testsuite hostname="Gautam" failures="0" tests="3" name="testcases.BookingHotel" time="0.016" errors="0" timestamp="2021-05-22T13:46:18 IST" skipped="0">
  <testcase classname="testcases.BookingHotel" name="SelectHotel" time="0.001"/>
  <testcase classname="testcases.BookingHotel" name="SearchHotel" time="0.015"/>
  <testcase classname="testcases.BookingHotel" name="EnterGuestInfo" time="0.000"/>
</testsuite> <!-- testcases.BookingHotel -->
