<?xml version="1.0" encoding="UTF-8"?>
<!-- Generated by org.testng.reporters.JUnitReportReporter -->
<testsuite hostname="Gautam" failures="0" tests="1" name="testcases.PaymentManager" time="0.000" errors="0" timestamp="2021-05-22T13:46:18 IST" skipped="0">
  <testcase classname="testcases.PaymentManager" name="Payment" time="0.000"/>
</testsuite> <!-- testcases.PaymentManager -->
