<?xml version="1.0" encoding="UTF-8"?>
<!-- Generated by org.testng.reporters.JUnitReportReporter -->
<testsuite hostname="Gautam" failures="0" tests="4" name="test_suitea.CreateUser" time="0.010" errors="0" timestamp="2021-04-22T08:22:59 IST" skipped="0">
  <testcase classname="test_suitea.CreateUser" name="deleteuser" time="0.001"/>
  <testcase classname="test_suitea.CreateUser" name="deleteuser" time="0.000"/>
  <testcase classname="test_suitea.CreateUser" name="createusers" time="0.002"/>
  <testcase classname="test_suitea.CreateUser" name="createusers" time="0.007"/>
</testsuite> <!-- test_suitea.CreateUser -->
