<?xml version="1.0" encoding="UTF-8"?>
<!-- Generated by org.testng.reporters.JUnitReportReporter -->
<testsuite hostname="Gautam" failures="0" tests="1" name="testRediff.PortFolioManagement" time="46.135" errors="0" timestamp="2021-05-30T11:32:28 IST" skipped="0">
  <testcase classname="testRediff.PortFolioManagement" name="selectPortfolio" time="46.135"/>
</testsuite> <!-- testRediff.PortFolioManagement -->
