<?xml version="1.0" encoding="UTF-8"?>
<!-- Generated by org.testng.reporters.JUnitReportReporter -->
<testsuite hostname="Gautam" failures="0" tests="1" name="testRediff.Session" time="7.494" errors="0" timestamp="2021-05-26T15:19:04 IST" skipped="0">
  <testcase classname="testRediff.Session" name="dologin" time="7.494"/>
</testsuite> <!-- testRediff.Session -->
