<?xml version="1.0" encoding="UTF-8"?>
<!-- Generated by org.testng.reporters.JUnitReportReporter -->
<testsuite hostname="Gautam" failures="0" tests="2" name="testRediff.StockManagement" time="8.011" errors="0" timestamp="2021-05-30T11:32:28 IST" skipped="0">
  <testcase classname="testRediff.StockManagement" name="VerifyStockInList" time="0.063"/>
  <testcase classname="testRediff.StockManagement" name="AddStock" time="7.948"/>
</testsuite> <!-- testRediff.StockManagement -->
