<?xml version="1.0" encoding="UTF-8"?>
<!-- Generated by org.testng.reporters.JUnitReportReporter -->
<testsuite hostname="Gautam" failures="0" tests="1" name="testcase.CreatePortfolio" time="19.185" errors="0" timestamp="2021-05-22T16:00:32 IST" skipped="0">
  <testcase classname="testcase.CreatePortfolio" name="createPortfolio" time="19.185"/>
</testsuite> <!-- testcase.CreatePortfolio -->
