<?xml version="1.0" encoding="UTF-8"?>
<!-- Generated by org.testng.reporters.JUnitReportReporter -->
<testsuite hostname="Gautam" failures="0" tests="1" name="testcases.LoginTest" time="0.772" errors="0" timestamp="2021-04-23T09:11:47 IST" skipped="0">
  <testcase classname="testcases.LoginTest" name="login" time="0.772"/>
</testsuite> <!-- testcases.LoginTest -->
