<?xml version="1.0" encoding="UTF-8"?>
<!-- Generated by org.testng.reporters.JUnitReportReporter -->
<testsuite hostname="Gautam" failures="0" tests="1" name="implicitwait.Wait_Example" time="10.722" errors="0" timestamp="2021-04-28T08:48:45 IST" skipped="0">
  <testcase classname="implicitwait.Wait_Example" name="logintest" time="10.722"/>
</testsuite> <!-- implicitwait.Wait_Example -->
