<?xml version="1.0" encoding="UTF-8"?>
<!-- Generated by org.testng.reporters.JUnitReportReporter -->
<testsuite hostname="Gautam" failures="0" tests="1" name="explicitWait.Waiting" time="8.375" errors="0" timestamp="2021-05-07T09:59:48 IST" skipped="0">
  <testcase classname="explicitWait.Waiting" name="Explicit" time="8.375"/>
</testsuite> <!-- explicitWait.Waiting -->
