<?xml version="1.0" encoding="UTF-8"?>
<!-- Generated by org.testng.reporters.JUnitReportReporter -->
<testsuite hostname="Gautam" failures="0" tests="1" name="windowmanagement.Alert" time="7.943" errors="0" timestamp="2021-05-09T12:42:56 IST" skipped="0">
  <testcase classname="windowmanagement.Alert" name="Alert_Window" time="7.943"/>
</testsuite> <!-- windowmanagement.Alert -->
