<?xml version="1.0" encoding="UTF-8"?>
<!-- Generated by org.testng.reporters.JUnitReportReporter -->
<testsuite hostname="Gautam" failures="0" tests="1" name="webelement.Zoho_Page" time="21.172" errors="0" timestamp="2021-04-30T08:41:33 IST" skipped="0">
  <testcase classname="webelement.Zoho_Page" name="ZohoLogin" time="21.172"/>
</testsuite> <!-- webelement.Zoho_Page -->
