<?xml version="1.0" encoding="UTF-8"?>
<!-- Generated by org.testng.reporters.JUnitReportReporter -->
<testsuite hostname="Gautam" failures="0" tests="1" name="css_selector.LinkedIn" time="15.758" errors="0" timestamp="2021-04-29T09:16:16 IST" skipped="0">
  <testcase classname="css_selector.LinkedIn" name="linkedin" time="15.758"/>
</testsuite> <!-- css_selector.LinkedIn -->
