<?xml version="1.0" encoding="UTF-8"?>
<!-- Generated by org.testng.reporters.JUnitReportReporter -->
<testsuite hostname="Gautam" failures="0" tests="1" name="windowmanagement.Alert_Example" time="32.874" errors="0" timestamp="2021-05-09T12:50:24 IST" skipped="0">
  <testcase classname="windowmanagement.Alert_Example" name="Alert_Window" time="32.874"/>
</testsuite> <!-- windowmanagement.Alert_Example -->
