<?xml version="1.0" encoding="UTF-8"?>
<!-- Generated by org.testng.reporters.JUnitReportReporter -->
<testsuite hostname="Gautam" failures="0" tests="1" name="radiobutton.RadioButtonExam" time="23.581" errors="0" timestamp="2021-05-07T08:45:35 IST" skipped="0">
  <testcase classname="radiobutton.RadioButtonExam" name="RadioButton" time="23.581"/>
</testsuite> <!-- radiobutton.RadioButtonExam -->
