<?xml version="1.0" encoding="UTF-8"?>
<!-- Generated by org.testng.reporters.JUnitReportReporter -->
<testsuite hostname="Gautam" failures="0" tests="1" name="webelement.Drop_down" time="27.005" errors="0" timestamp="2021-05-03T08:10:50 IST" skipped="0">
  <testcase classname="webelement.Drop_down" name="select" time="27.005"/>
</testsuite> <!-- webelement.Drop_down -->
