<?xml version="1.0" encoding="UTF-8"?>
<!-- Generated by org.testng.reporters.JUnitReportReporter -->
<testsuite hostname="Gautam" failures="0" tests="1" name="download_upload.Uploading_Files" time="5.922" errors="0" timestamp="2021-05-15T09:20:45 IST" skipped="0">
  <testcase classname="download_upload.Uploading_Files" name="upload" time="5.922"/>
</testsuite> <!-- download_upload.Uploading_Files -->
