<?xml version="1.0" encoding="UTF-8"?>
<!-- Generated by org.testng.reporters.JUnitReportReporter -->
<testsuite hostname="Gautam" failures="0" tests="1" name="identifyingelement.LinkedIn" time="5.784" errors="0" timestamp="2021-04-27T16:40:50 IST" skipped="0">
  <testcase classname="identifyingelement.LinkedIn" name="linkedin" time="5.784"/>
</testsuite> <!-- identifyingelement.LinkedIn -->
