<?xml version="1.0" encoding="UTF-8"?>
<!-- Generated by org.testng.reporters.JUnitReportReporter -->
<testsuite hostname="Gautam" failures="0" tests="1" name="login.Login_Test" time="5.777" errors="0" timestamp="2021-04-27T17:14:11 IST" skipped="0">
  <testcase classname="login.Login_Test" name="login" time="5.777"/>
</testsuite> <!-- login.Login_Test -->
