<?xml version="1.0" encoding="UTF-8"?>
<!-- Generated by org.testng.reporters.JUnitReportReporter -->
<testsuite hostname="Gautam" failures="0" tests="1" name="options_and_profiling.ChromeProfilingAndOptions" time="22.583" errors="0" timestamp="2021-04-27T15:11:47 IST" skipped="0">
  <testcase classname="options_and_profiling.ChromeProfilingAndOptions" name="chrome" time="22.583"/>
</testsuite> <!-- options_and_profiling.ChromeProfilingAndOptions -->
