<?xml version="1.0" encoding="UTF-8"?>
<!-- Generated by org.testng.reporters.JUnitReportReporter -->
<testsuite hostname="Gautam" failures="0" tests="1" name="screenShot.ScreenShotExam" time="20.653" errors="0" timestamp="2021-05-07T09:20:43 IST" skipped="0">
  <testcase classname="screenShot.ScreenShotExam" name="SscreenShot" time="20.653"/>
</testsuite> <!-- screenShot.ScreenShotExam -->
