<?xml version="1.0" encoding="UTF-8"?>
<!-- Generated by org.testng.reporters.JUnitReportReporter -->
<testsuite hostname="Gautam" failures="0" tests="1" name="webtable.Custom_Webtable" time="40.753" errors="0" timestamp="2021-05-13T10:47:13 IST" skipped="0">
  <testcase classname="webtable.Custom_Webtable" name="Webtable_Example" time="40.753"/>
</testsuite> <!-- webtable.Custom_Webtable -->
