<?xml version="1.0" encoding="UTF-8"?>
<!-- Generated by org.testng.reporters.JUnitReportReporter -->
<testsuite hostname="Gautam" failures="0" tests="1" name="windowmanagement.MultipleWindow" time="14.679" errors="0" timestamp="2021-05-09T12:05:47 IST" skipped="0">
  <testcase classname="windowmanagement.MultipleWindow" name="multiple_window" time="14.679"/>
</testsuite> <!-- windowmanagement.MultipleWindow -->
