<?xml version="1.0" encoding="UTF-8"?>
<!-- Generated by org.testng.reporters.JUnitReportReporter -->
<testsuite hostname="Gautam" failures="0" tests="1" name="webtable.WebTable_Example" time="5.490" errors="0" timestamp="2021-05-13T10:05:28 IST" skipped="0">
  <testcase classname="webtable.WebTable_Example" name="Webtable_Example" time="5.490"/>
</testsuite> <!-- webtable.WebTable_Example -->
