<?xml version="1.0" encoding="UTF-8"?>
<!-- Generated by org.testng.reporters.JUnitReportReporter -->
<testsuite hostname="Gautam" failures="0" tests="1" name="object_extraction.CNNHeaderLink2" time="174.525" errors="0" timestamp="2021-05-06T10:45:30 IST" skipped="0">
  <testcase classname="object_extraction.CNNHeaderLink2" name="CNNheader" time="174.525"/>
</testsuite> <!-- object_extraction.CNNHeaderLink2 -->
