<?xml version="1.0" encoding="UTF-8"?>
<!-- Generated by org.testng.reporters.JUnitReportReporter -->
<testsuite hostname="Gautam" failures="0" tests="1" name="javascriptactions.AmericanGolf" time="84.443" errors="0" timestamp="2021-05-13T12:49:05 IST" skipped="0">
  <testcase classname="javascriptactions.AmericanGolf" name="testAmerican" time="84.443"/>
</testsuite> <!-- javascriptactions.AmericanGolf -->
