<?xml version="1.0" encoding="UTF-8"?>
<!-- Generated by org.testng.reporters.JUnitReportReporter -->
<testsuite hostname="Gautam" failures="0" tests="1" name="webelement.MultiSelect" time="16.096" errors="0" timestamp="2021-04-30T09:45:59 IST" skipped="0">
  <testcase classname="webelement.MultiSelect" name="multiselect" time="16.096"/>
</testsuite> <!-- webelement.MultiSelect -->
