<?xml version="1.0" encoding="UTF-8"?>
<!-- Generated by org.testng.reporters.JUnitReportReporter -->
<testsuite hostname="Gautam" failures="0" tests="1" name="frameAndajax.PayTm" time="33.860" errors="0" timestamp="2021-05-14T16:23:14 IST" skipped="0">
  <testcase classname="frameAndajax.PayTm" name="paytm" time="33.860"/>
</testsuite> <!-- frameAndajax.PayTm -->
