<?xml version="1.0" encoding="UTF-8"?>
<!-- Generated by org.testng.reporters.JUnitReportReporter -->
<testsuite hostname="Gautam" failures="0" tests="2" name="suitec.TestC" time="0.007" errors="0" timestamp="2021-04-26T13:06:31 IST" skipped="0">
  <testcase classname="suitec.TestC" name="testC" time="0.004"/>
  <testcase classname="suitec.TestC" name="testC" time="0.003"/>
</testsuite> <!-- suitec.TestC -->
