<?xml version="1.0" encoding="UTF-8"?>
<!-- Generated by org.testng.reporters.JUnitReportReporter -->
<testsuite hostname="Gautam" failures="0" tests="2" name="suiteb.TestBB" time="0.011" errors="0" timestamp="2021-04-26T13:06:31 IST" skipped="0">
  <testcase classname="suiteb.TestBB" name="testBB" time="0.006"/>
  <testcase classname="suiteb.TestBB" name="testBB" time="0.005"/>
</testsuite> <!-- suiteb.TestBB -->
