<?xml version="1.0" encoding="UTF-8"?>
<!-- Generated by org.testng.reporters.JUnitReportReporter -->
<testsuite hostname="Gautam" failures="0" tests="1" name="testcase.Login" time="0.006" errors="0" timestamp="2021-05-20T14:46:05 IST" skipped="0">
  <testcase classname="testcase.Login" name="doLogin" time="0.006"/>
</testsuite> <!-- testcase.Login -->
