<?xml version="1.0" encoding="UTF-8"?>
<!-- Generated by org.testng.reporters.JUnitReportReporter -->
<testsuite hostname="Gautam" failures="0" tests="1" name="testCases.TestA1$testA1" time="5.008" errors="0" timestamp="2021-05-17T08:47:05 IST" skipped="0">
  <testcase classname="testCases.TestA1$testA1" name="testA2" time="5.008"/>
</testsuite> <!-- testCases.TestA1$testA1 -->
