<?xml version="1.0" encoding="UTF-8"?>
<!-- Generated by org.testng.reporters.JUnitReportReporter -->
<testsuite hostname="Gautam" failures="0" tests="1" name="testcase2.TestB1" time="5.014" errors="0" timestamp="2021-05-17T08:47:05 IST" skipped="0">
  <testcase classname="testcase2.TestB1" name="testB1" time="5.014"/>
</testsuite> <!-- testcase2.TestB1 -->
