<?xml version="1.0" encoding="UTF-8"?>
<!-- Generated by org.testng.reporters.JUnitReportReporter -->
<testsuite hostname="Gautam" failures="0" tests="1" name="testCases.TestA2" time="5.007" errors="0" timestamp="2021-05-17T08:47:05 IST" skipped="0">
  <testcase classname="testCases.TestA2" name="testA2" time="5.007"/>
</testsuite> <!-- testCases.TestA2 -->
