<?xml version="1.0" encoding="UTF-8"?>
<!-- Generated by org.testng.reporters.JUnitReportReporter -->
<testsuite hostname="Gautam" failures="0" tests="3" name="test_suiteb.SearchAndFindPhone" time="0.003" errors="0" timestamp="2021-04-21T12:36:59 IST" skipped="0">
  <testcase classname="test_suiteb.SearchAndFindPhone" name="search" time="0.001"/>
  <testcase classname="test_suiteb.SearchAndFindPhone" name="selectphone" time="0.001"/>
  <testcase classname="test_suiteb.SearchAndFindPhone" name="Checkout" time="0.001"/>
</testsuite> <!-- test_suiteb.SearchAndFindPhone -->
