<?xml version="1.0" encoding="UTF-8"?>
<!-- Generated by org.testng.reporters.JUnitReportReporter -->
<testsuite hostname="Gautam" failures="0" tests="2" name="testcases.Login" time="0.008" errors="0" timestamp="2021-04-21T11:44:06 IST" skipped="0">
  <testcase classname="testcases.Login" name="logout" time="0.002"/>
  <testcase classname="testcases.Login" name="doLogin" time="0.006"/>
</testsuite> <!-- testcases.Login -->
