<?xml version="1.0" encoding="UTF-8"?>
<!-- Generated by org.testng.reporters.JUnitReportReporter -->
<testsuite hostname="Gautam" failures="0" tests="1" name="test_suiteb.ValidateUserRegistration" time="0.001" errors="0" timestamp="2021-04-21T12:36:59 IST" skipped="0">
  <testcase classname="test_suiteb.ValidateUserRegistration" name="validate" time="0.001"/>
</testsuite> <!-- test_suiteb.ValidateUserRegistration -->
