<?xml version="1.0" encoding="UTF-8"?>
<!-- Generated by org.testng.reporters.JUnitReportReporter -->
<testsuite hostname="Gautam" failures="0" tests="1" name="testcases.ValidateUserRegistration" time="0.018" errors="0" timestamp="2021-04-21T11:44:06 IST" skipped="0">
  <testcase classname="testcases.ValidateUserRegistration" name="validate" time="0.018"/>
</testsuite> <!-- testcases.ValidateUserRegistration -->
