<?xml version="1.0" encoding="UTF-8"?>
<!-- Generated by org.testng.reporters.JUnitReportReporter -->
<testsuite hostname="Gautam" failures="0" tests="4" name="testcases.CreateUser" time="0.006" errors="0" timestamp="2021-04-21T11:44:06 IST" skipped="0">
  <testcase classname="testcases.CreateUser" name="createusers" time="0.002"/>
  <testcase classname="testcases.CreateUser" name="createusers" time="0.001"/>
  <testcase classname="testcases.CreateUser" name="deleteuser" time="0.001"/>
  <testcase classname="testcases.CreateUser" name="deleteuser" time="0.002"/>
</testsuite> <!-- testcases.CreateUser -->
