<?xml version="1.0" encoding="UTF-8"?>
<!-- Generated by org.testng.reporters.JUnitReportReporter -->
<testsuite hostname="Gautam" failures="0" tests="2" name="test_suitea.Login" time="0.005" errors="0" timestamp="2021-04-22T08:10:18 IST" skipped="0">
  <testcase classname="test_suitea.Login" name="logout" time="0.001"/>
  <testcase classname="test_suitea.Login" name="doLogin" time="0.004"/>
</testsuite> <!-- test_suitea.Login -->
