<?xml version="1.0" encoding="UTF-8"?>
<!-- Generated by org.testng.reporters.JUnitReportReporter -->
<testsuite hostname="Gautam" failures="0" tests="3" name="testcases.SearchAndFindPhone" time="0.002" errors="0" timestamp="2021-04-21T11:44:06 IST" skipped="0">
  <testcase classname="testcases.SearchAndFindPhone" name="search" time="0.000"/>
  <testcase classname="testcases.SearchAndFindPhone" name="selectphone" time="0.001"/>
  <testcase classname="testcases.SearchAndFindPhone" name="Checkout" time="0.001"/>
</testsuite> <!-- testcases.SearchAndFindPhone -->
