<?xml version="1.0" encoding="UTF-8"?>
<!-- Generated by org.testng.reporters.JUnitReportReporter -->
<testsuite hostname="Gautam" failures="0" tests="1" name="suiteA.Sakara_Appoitment" time="81.009" errors="0" timestamp="2021-05-03T20:40:48 IST" skipped="0">
  <testcase classname="suiteA.Sakara_Appoitment" name="appoint_test" time="81.009"/>
</testsuite> <!-- suiteA.Sakara_Appoitment -->
